{
  "RSpec": {
    "coverage": {
      "/Users/Clancy/Desktop/rottenpotatoes/app/controllers/application_controller.rb": [
        1,
        1,
        null
      ],
      "/Users/Clancy/Desktop/rottenpotatoes/app/helpers/application_helper.rb": [
        1,
        null
      ],
      "/Users/Clancy/Desktop/rottenpotatoes/app/controllers/movies_controller.rb": [
        1,
        null,
        1,
        1,
        1,
        null,
        null,
        null,
        1,
        3,
        3,
        3,
        1,
        1,
        1,
        1,
        null,
        null,
        null,
        0,
        0,
        null,
        null,
        null,
        null,
        3,
        null,
        3,
        0,
        null,
        3,
        3,
        2,
        null,
        null,
        3,
        2,
        2,
        null,
        0,
        null,
        1,
        null,
        null,
        3,
        2,
        null,
        null,
        3,
        0,
        0,
        null,
        3,
        0,
        0,
        null,
        null,
        3,
        3,
        null,
        null,
        null,
        null,
        1,
        null,
        null,
        null,
        1,
        4,
        4,
        4,
        null,
        null,
        1,
        0,
        null,
        null,
        1,
        4,
        4,
        4,
        4,
        null,
        null,
        1,
        1,
        1,
        1,
        1,
        null,
        null,
        1,
        5,
        5,
        5,
        5,
        3,
        null,
        2,
        2,
        null,
        null,
        null,
        null
      ],
      "/Users/Clancy/Desktop/rottenpotatoes/app/models/movie.rb": [
        1,
        1,
        1,
        4,
        null,
        null,
        1,
        1,
        null,
        null
      ]
    },
    "timestamp": 1425019201
  }
}
